2022-12-15 16:13:18,655 INFO  [Log] ********************************** 
2022-12-15 16:13:18,655 INFO  [Log] ***************************************** 
2022-12-15 16:13:18,655 INFO  [Log] ############   My first test case is Login test ################ 
2022-12-15 16:13:18,655 INFO  [Log] ********************************** 
2022-12-15 16:13:18,655 INFO  [Log] ***************************************** 
2022-12-15 16:13:18,655 INFO  [Log] My login test is going on 
2022-12-15 16:13:18,655 INFO  [Log] My test case might be failed 
2022-12-15 16:13:21,950 INFO  [Log] My test case is about to complete 
2022-12-15 16:13:21,950 INFO  [Log] ################################## 
2022-12-15 16:13:21,950 INFO  [Log] ########################################## 
2022-12-15 16:13:21,950 INFO  [Log] ############   This is my login test again ################ 
2022-12-15 16:13:21,950 INFO  [Log] ########################## 
2022-12-15 16:13:21,950 INFO  [Log] ########################################## 
2022-12-15 16:13:42,272 INFO  [Log] ********************************** 
2022-12-15 16:13:42,272 INFO  [Log] ***************************************** 
2022-12-15 16:13:42,273 INFO  [Log] ############   My first test case is Login test ################ 
2022-12-15 16:13:42,273 INFO  [Log] ********************************** 
2022-12-15 16:13:42,273 INFO  [Log] ***************************************** 
2022-12-15 16:13:42,273 INFO  [Log] My login test is going on 
2022-12-15 16:13:42,273 INFO  [Log] My test case might be failed 
2022-12-15 16:13:47,889 INFO  [Log] My test case is about to complete 
2022-12-15 16:13:47,889 INFO  [Log] ################################## 
2022-12-15 16:13:47,889 INFO  [Log] ########################################## 
2022-12-15 16:13:47,889 INFO  [Log] ############   This is my login test again ################ 
2022-12-15 16:13:47,889 INFO  [Log] ########################## 
2022-12-15 16:13:47,889 INFO  [Log] ########################################## 
2022-12-15 16:14:06,421 INFO  [Log] ********************************** 
2022-12-15 16:14:06,421 INFO  [Log] ***************************************** 
2022-12-15 16:14:06,422 INFO  [Log] ############   My first test case is Login test ################ 
2022-12-15 16:14:06,422 INFO  [Log] ********************************** 
2022-12-15 16:14:06,422 INFO  [Log] ***************************************** 
2022-12-15 16:14:06,422 INFO  [Log] My login test is going on 
2022-12-15 16:14:06,422 INFO  [Log] My test case might be failed 
2022-12-15 16:14:08,985 INFO  [Log] My test case is about to complete 
2022-12-15 16:14:08,985 INFO  [Log] ################################## 
2022-12-15 16:14:08,985 INFO  [Log] ########################################## 
2022-12-15 16:14:08,985 INFO  [Log] ############   This is my login test again ################ 
2022-12-15 16:14:08,985 INFO  [Log] ########################## 
2022-12-15 16:14:08,985 INFO  [Log] ########################################## 
2022-12-15 16:52:46,292 INFO  [Log] ********************************** 
2022-12-15 16:52:46,293 INFO  [Log] ***************************************** 
2022-12-15 16:52:46,293 INFO  [Log] ############   My first test case is Login test ################ 
2022-12-15 16:52:46,293 INFO  [Log] ********************************** 
2022-12-15 16:52:46,293 INFO  [Log] ***************************************** 
2022-12-15 16:52:46,293 INFO  [Log] My login test is going on 
2022-12-15 16:52:46,293 INFO  [Log] My test case might be failed 
2022-12-15 16:52:50,167 INFO  [Log] My test case is about to complete 
2022-12-15 16:52:50,167 INFO  [Log] ################################## 
2022-12-15 16:52:50,167 INFO  [Log] ########################################## 
2022-12-15 16:52:50,167 INFO  [Log] ############   This is my login test again ################ 
2022-12-15 16:52:50,167 INFO  [Log] ########################## 
2022-12-15 16:52:50,167 INFO  [Log] ########################################## 
2022-12-16 21:34:24,877 INFO  [Log] ********************************** 
2022-12-16 21:34:24,878 INFO  [Log] ***************************************** 
2022-12-16 21:34:24,878 INFO  [Log] ############   My first test case is Login test ################ 
2022-12-16 21:34:24,878 INFO  [Log] ********************************** 
2022-12-16 21:34:24,878 INFO  [Log] ***************************************** 
2022-12-16 21:34:24,878 INFO  [Log] My login test is going on 
2022-12-16 21:34:24,878 INFO  [Log] My test case might be failed 
2023-01-12 22:04:11,805 INFO  [Log] ********************************** 
2023-01-12 22:04:11,806 INFO  [Log] ***************************************** 
2023-01-12 22:04:11,806 INFO  [Log] ############   My first test case is Login test ################ 
2023-01-12 22:04:11,806 INFO  [Log] ********************************** 
2023-01-12 22:04:11,806 INFO  [Log] ***************************************** 
2023-01-12 22:04:11,806 INFO  [Log] My login test is going on 
2023-01-12 22:04:11,806 INFO  [Log] My test case might be failed 
2023-01-12 22:04:14,618 INFO  [Log] My test case is about to complete 
2023-01-12 22:04:14,618 INFO  [Log] ################################## 
2023-01-12 22:04:14,618 INFO  [Log] ########################################## 
2023-01-12 22:04:14,618 INFO  [Log] ############   This is my login test again ################ 
2023-01-12 22:04:14,618 INFO  [Log] ########################## 
2023-01-12 22:04:14,618 INFO  [Log] ########################################## 
2023-01-12 22:05:13,064 INFO  [Log] ********************************** 
2023-01-12 22:05:13,064 INFO  [Log] ***************************************** 
2023-01-12 22:05:13,064 INFO  [Log] ############   My first test case is Login test ################ 
2023-01-12 22:05:13,064 INFO  [Log] ********************************** 
2023-01-12 22:05:13,064 INFO  [Log] ***************************************** 
2023-01-12 22:05:13,064 INFO  [Log] My login test is going on 
2023-01-12 22:05:13,064 INFO  [Log] My test case might be failed 
2023-01-12 22:05:21,000 INFO  [Log] My test case is about to complete 
2023-01-12 22:05:21,000 INFO  [Log] ################################## 
2023-01-12 22:05:21,000 INFO  [Log] ########################################## 
2023-01-12 22:05:21,000 INFO  [Log] ############   This is my login test again ################ 
2023-01-12 22:05:21,000 INFO  [Log] ########################## 
2023-01-12 22:05:21,000 INFO  [Log] ########################################## 
2023-01-12 22:05:23,777 INFO  [Log] ********************************** 
2023-01-12 22:05:23,777 INFO  [Log] ***************************************** 
2023-01-12 22:05:23,777 INFO  [Log] ############   My first test case is Login test ################ 
2023-01-12 22:05:23,777 INFO  [Log] ********************************** 
2023-01-12 22:05:23,777 INFO  [Log] ***************************************** 
2023-01-12 22:05:23,777 INFO  [Log] My login test is going on 
2023-01-12 22:05:23,777 INFO  [Log] My test case might be failed 
2023-01-12 22:06:02,198 INFO  [Log] My test case is about to complete 
2023-01-12 22:06:02,198 INFO  [Log] ################################## 
2023-01-12 22:06:02,198 INFO  [Log] ########################################## 
2023-01-12 22:06:02,198 INFO  [Log] ############   This is my login test again ################ 
2023-01-12 22:06:02,198 INFO  [Log] ########################## 
2023-01-12 22:06:02,198 INFO  [Log] ########################################## 
2023-01-18 14:20:19,185 INFO  [Log] ********************************** 
2023-01-18 14:20:19,185 INFO  [Log] ***************************************** 
2023-01-18 14:20:19,185 INFO  [Log] ############   My first test case is Login test ################ 
2023-01-18 14:20:19,185 INFO  [Log] ********************************** 
2023-01-18 14:20:19,185 INFO  [Log] ***************************************** 
2023-01-18 14:20:19,185 INFO  [Log] My login test is going on 
2023-01-18 14:20:19,185 INFO  [Log] My test case might be failed 
2023-01-18 14:21:03,606 INFO  [Log] ********************************** 
2023-01-18 14:21:03,611 INFO  [Log] ***************************************** 
2023-01-18 14:21:03,611 INFO  [Log] ############   My first test case is Login test ################ 
2023-01-18 14:21:03,611 INFO  [Log] ********************************** 
2023-01-18 14:21:03,611 INFO  [Log] ***************************************** 
2023-01-18 14:21:03,611 INFO  [Log] My login test is going on 
2023-01-18 14:21:03,611 INFO  [Log] My test case might be failed 
2023-01-18 14:21:44,296 INFO  [Log] ********************************** 
2023-01-18 14:21:44,296 INFO  [Log] ***************************************** 
2023-01-18 14:21:44,296 INFO  [Log] ############   My first test case is Login test ################ 
2023-01-18 14:21:44,296 INFO  [Log] ********************************** 
2023-01-18 14:21:44,296 INFO  [Log] ***************************************** 
2023-01-18 14:21:44,296 INFO  [Log] My login test is going on 
2023-01-18 14:21:44,296 INFO  [Log] My test case might be failed 
2023-01-18 14:22:01,520 INFO  [Log] My test case is about to complete 
2023-01-18 14:22:01,520 INFO  [Log] ################################## 
2023-01-18 14:22:01,527 INFO  [Log] ########################################## 
2023-01-18 14:22:01,527 INFO  [Log] ############   This is my login test again ################ 
2023-01-18 14:22:01,527 INFO  [Log] ########################## 
2023-01-18 14:22:01,527 INFO  [Log] ########################################## 
2023-01-18 14:22:07,578 INFO  [Log] ********************************** 
2023-01-18 14:22:07,578 INFO  [Log] ***************************************** 
2023-01-18 14:22:07,578 INFO  [Log] ############   My first test case is Login test ################ 
2023-01-18 14:22:07,578 INFO  [Log] ********************************** 
2023-01-18 14:22:07,578 INFO  [Log] ***************************************** 
2023-01-18 14:22:07,578 INFO  [Log] My login test is going on 
2023-01-18 14:22:07,578 INFO  [Log] My test case might be failed 
2023-01-18 14:22:24,016 INFO  [Log] My test case is about to complete 
2023-01-18 14:22:24,016 INFO  [Log] ################################## 
2023-01-18 14:22:24,016 INFO  [Log] ########################################## 
2023-01-18 14:22:24,016 INFO  [Log] ############   This is my login test again ################ 
2023-01-18 14:22:24,016 INFO  [Log] ########################## 
2023-01-18 14:22:24,016 INFO  [Log] ########################################## 
2023-01-24 18:20:47,525 INFO  [Log] ********************************** 
2023-01-24 18:20:47,525 INFO  [Log] ***************************************** 
2023-01-24 18:20:47,525 INFO  [Log] ############   My first test case is Login test ################ 
2023-01-24 18:20:47,525 INFO  [Log] ********************************** 
2023-01-24 18:20:47,525 INFO  [Log] ***************************************** 
2023-01-24 18:20:47,525 INFO  [Log] My login test is going on 
2023-01-24 18:20:47,525 INFO  [Log] My test case might be failed 
2023-01-24 18:20:47,961 INFO  [Log] My test case is about to complete 
2023-01-24 18:20:47,961 INFO  [Log] ################################## 
2023-01-24 18:20:47,961 INFO  [Log] ########################################## 
2023-01-24 18:20:47,961 INFO  [Log] ############   This is my login test again ################ 
2023-01-24 18:20:47,961 INFO  [Log] ########################## 
2023-01-24 18:20:47,961 INFO  [Log] ########################################## 
2023-01-24 18:20:51,135 INFO  [Log] ********************************** 
2023-01-24 18:20:51,135 INFO  [Log] ***************************************** 
2023-01-24 18:20:51,135 INFO  [Log] ############   My first test case is Login test ################ 
2023-01-24 18:20:51,135 INFO  [Log] ********************************** 
2023-01-24 18:20:51,135 INFO  [Log] ***************************************** 
2023-01-24 18:20:51,135 INFO  [Log] My login test is going on 
2023-01-24 18:20:51,135 INFO  [Log] My test case might be failed 
2023-01-24 18:20:51,554 INFO  [Log] My test case is about to complete 
2023-01-24 18:20:51,554 INFO  [Log] ################################## 
2023-01-24 18:20:51,554 INFO  [Log] ########################################## 
2023-01-24 18:20:51,554 INFO  [Log] ############   This is my login test again ################ 
2023-01-24 18:20:51,554 INFO  [Log] ########################## 
2023-01-24 18:20:51,554 INFO  [Log] ########################################## 
2023-01-24 18:20:54,653 INFO  [Log] ********************************** 
2023-01-24 18:20:54,653 INFO  [Log] ***************************************** 
2023-01-24 18:20:54,653 INFO  [Log] ############   My first test case is Login test ################ 
2023-01-24 18:20:54,653 INFO  [Log] ********************************** 
2023-01-24 18:20:54,653 INFO  [Log] ***************************************** 
2023-01-24 18:20:54,653 INFO  [Log] My login test is going on 
2023-01-24 18:20:54,653 INFO  [Log] My test case might be failed 
2023-01-24 18:20:55,109 INFO  [Log] My test case is about to complete 
2023-01-24 18:20:55,109 INFO  [Log] ################################## 
2023-01-24 18:20:55,109 INFO  [Log] ########################################## 
2023-01-24 18:20:55,109 INFO  [Log] ############   This is my login test again ################ 
2023-01-24 18:20:55,109 INFO  [Log] ########################## 
2023-01-24 18:20:55,109 INFO  [Log] ########################################## 
2023-01-25 17:04:40,311 INFO  [Log] ********************************** 
2023-01-25 17:04:40,312 INFO  [Log] ***************************************** 
2023-01-25 17:04:40,312 INFO  [Log] ############   My first test case is Login test ################ 
2023-01-25 17:04:40,312 INFO  [Log] ********************************** 
2023-01-25 17:04:40,312 INFO  [Log] ***************************************** 
2023-01-25 17:04:40,312 INFO  [Log] My login test is going on 
2023-01-25 17:04:40,312 INFO  [Log] My test case might be failed 
2023-01-25 17:04:40,690 INFO  [Log] My test case is about to complete 
2023-01-25 17:04:40,690 INFO  [Log] ################################## 
2023-01-25 17:04:40,690 INFO  [Log] ########################################## 
2023-01-25 17:04:40,690 INFO  [Log] ############   This is my login test again ################ 
2023-01-25 17:04:40,690 INFO  [Log] ########################## 
2023-01-25 17:04:40,690 INFO  [Log] ########################################## 
2023-01-25 17:04:44,429 INFO  [Log] ********************************** 
2023-01-25 17:04:44,429 INFO  [Log] ***************************************** 
2023-01-25 17:04:44,429 INFO  [Log] ############   My first test case is Login test ################ 
2023-01-25 17:04:44,429 INFO  [Log] ********************************** 
2023-01-25 17:04:44,429 INFO  [Log] ***************************************** 
2023-01-25 17:04:44,429 INFO  [Log] My login test is going on 
2023-01-25 17:04:44,429 INFO  [Log] My test case might be failed 
2023-01-25 17:04:44,743 INFO  [Log] My test case is about to complete 
2023-01-25 17:04:44,743 INFO  [Log] ################################## 
2023-01-25 17:04:44,743 INFO  [Log] ########################################## 
2023-01-25 17:04:44,743 INFO  [Log] ############   This is my login test again ################ 
2023-01-25 17:04:44,743 INFO  [Log] ########################## 
2023-01-25 17:04:44,743 INFO  [Log] ########################################## 
2023-01-25 17:04:47,163 INFO  [Log] ********************************** 
2023-01-25 17:04:47,163 INFO  [Log] ***************************************** 
2023-01-25 17:04:47,163 INFO  [Log] ############   My first test case is Login test ################ 
2023-01-25 17:04:47,163 INFO  [Log] ********************************** 
2023-01-25 17:04:47,163 INFO  [Log] ***************************************** 
2023-01-25 17:04:47,163 INFO  [Log] My login test is going on 
2023-01-25 17:04:47,163 INFO  [Log] My test case might be failed 
2023-01-25 17:04:47,479 INFO  [Log] My test case is about to complete 
2023-01-25 17:04:47,479 INFO  [Log] ################################## 
2023-01-25 17:04:47,479 INFO  [Log] ########################################## 
2023-01-25 17:04:47,479 INFO  [Log] ############   This is my login test again ################ 
2023-01-25 17:04:47,479 INFO  [Log] ########################## 
2023-01-25 17:04:47,479 INFO  [Log] ########################################## 
2023-01-25 17:05:09,625 INFO  [Log] ********************************** 
2023-01-25 17:05:09,625 INFO  [Log] ***************************************** 
2023-01-25 17:05:09,625 INFO  [Log] ############   My first test case is Login test ################ 
2023-01-25 17:05:09,625 INFO  [Log] ********************************** 
2023-01-25 17:05:09,625 INFO  [Log] ***************************************** 
2023-01-25 17:05:09,625 INFO  [Log] My login test is going on 
2023-01-25 17:05:09,625 INFO  [Log] My test case might be failed 
2023-01-25 17:05:09,993 INFO  [Log] My test case is about to complete 
2023-01-25 17:05:09,993 INFO  [Log] ################################## 
2023-01-25 17:05:09,993 INFO  [Log] ########################################## 
2023-01-25 17:05:09,993 INFO  [Log] ############   This is my login test again ################ 
2023-01-25 17:05:09,993 INFO  [Log] ########################## 
2023-01-25 17:05:09,993 INFO  [Log] ########################################## 
2023-01-25 17:05:12,984 INFO  [Log] ********************************** 
2023-01-25 17:05:12,984 INFO  [Log] ***************************************** 
2023-01-25 17:05:12,984 INFO  [Log] ############   My first test case is Login test ################ 
2023-01-25 17:05:12,984 INFO  [Log] ********************************** 
2023-01-25 17:05:12,984 INFO  [Log] ***************************************** 
2023-01-25 17:05:12,984 INFO  [Log] My login test is going on 
2023-01-25 17:05:12,984 INFO  [Log] My test case might be failed 
2023-01-25 17:05:13,324 INFO  [Log] My test case is about to complete 
2023-01-25 17:05:13,324 INFO  [Log] ################################## 
2023-01-25 17:05:13,324 INFO  [Log] ########################################## 
2023-01-25 17:05:13,324 INFO  [Log] ############   This is my login test again ################ 
2023-01-25 17:05:13,324 INFO  [Log] ########################## 
2023-01-25 17:05:13,324 INFO  [Log] ########################################## 
2023-01-25 17:05:16,169 INFO  [Log] ********************************** 
2023-01-25 17:05:16,169 INFO  [Log] ***************************************** 
2023-01-25 17:05:16,170 INFO  [Log] ############   My first test case is Login test ################ 
2023-01-25 17:05:16,170 INFO  [Log] ********************************** 
2023-01-25 17:05:16,170 INFO  [Log] ***************************************** 
2023-01-25 17:05:16,170 INFO  [Log] My login test is going on 
2023-01-25 17:05:16,170 INFO  [Log] My test case might be failed 
2023-01-25 17:05:16,545 INFO  [Log] My test case is about to complete 
2023-01-25 17:05:16,545 INFO  [Log] ################################## 
2023-01-25 17:05:16,545 INFO  [Log] ########################################## 
2023-01-25 17:05:16,545 INFO  [Log] ############   This is my login test again ################ 
2023-01-25 17:05:16,545 INFO  [Log] ########################## 
2023-01-25 17:05:16,545 INFO  [Log] ########################################## 
2023-01-25 17:06:13,867 INFO  [Log] ********************************** 
2023-01-25 17:06:13,868 INFO  [Log] ***************************************** 
2023-01-25 17:06:13,868 INFO  [Log] ############   My first test case is Login test ################ 
2023-01-25 17:06:13,868 INFO  [Log] ********************************** 
2023-01-25 17:06:13,868 INFO  [Log] ***************************************** 
2023-01-25 17:06:13,868 INFO  [Log] My login test is going on 
2023-01-25 17:06:13,868 INFO  [Log] My test case might be failed 
2023-01-25 17:06:25,213 INFO  [Log] My test case is about to complete 
2023-01-25 17:06:25,213 INFO  [Log] ################################## 
2023-01-25 17:06:25,213 INFO  [Log] ########################################## 
2023-01-25 17:06:25,213 INFO  [Log] ############   This is my login test again ################ 
2023-01-25 17:06:25,213 INFO  [Log] ########################## 
2023-01-25 17:06:25,213 INFO  [Log] ########################################## 
2023-01-25 17:07:21,485 INFO  [Log] ********************************** 
2023-01-25 17:07:21,485 INFO  [Log] ***************************************** 
2023-01-25 17:07:21,485 INFO  [Log] ############   My first test case is Login test ################ 
2023-01-25 17:07:21,485 INFO  [Log] ********************************** 
2023-01-25 17:07:21,485 INFO  [Log] ***************************************** 
2023-01-25 17:07:21,485 INFO  [Log] My login test is going on 
2023-01-25 17:07:21,485 INFO  [Log] My test case might be failed 
2023-01-25 17:07:21,830 INFO  [Log] My test case is about to complete 
2023-01-25 17:07:21,830 INFO  [Log] ################################## 
2023-01-25 17:07:21,830 INFO  [Log] ########################################## 
2023-01-25 17:07:21,830 INFO  [Log] ############   This is my login test again ################ 
2023-01-25 17:07:21,830 INFO  [Log] ########################## 
2023-01-25 17:07:21,830 INFO  [Log] ########################################## 
